# JRE version: Java(TM) SE Runtime Environment (11.0.4+10) (build 11.0.4+10-LTS)
# Java VM: Java HotSpot(TM) 64-Bit Server VM (11.0.4+10-LTS, mixed mode, tiered, compressed oops, g1 gc, bsd-amd64)
Heap:
 garbage-first heap   total 157696K, used 89099K [0x0000000780000000, 0x0000000800000000)
  region size 1024K, 1 young (1024K), 0 survivors (0K)
 Metaspace       used 71027K, capacity 73417K, committed 73628K, reserved 1114112K
  class space    used 9071K, capacity 10027K, committed 10060K, reserved 1048576K
GC Heap History (10 events):
Event: 865.899 GC heap before
{Heap before GC invocations=15 (full 0):
 garbage-first heap   total 157696K, used 118711K [0x0000000780000000, 0x0000000800000000)
  region size 1024K, 53 young (54272K), 6 survivors (6144K)
 Metaspace       used 63344K, capacity 65608K, committed 65692K, reserved 1105920K
  class space    used 8113K, capacity 9017K, committed 9036K, reserved 1048576K
}
Event: 866.041 GC heap after
{Heap after GC invocations=16 (full 0):
 garbage-first heap   total 157696K, used 72128K [0x0000000780000000, 0x0000000800000000)
  region size 1024K, 3 young (3072K), 3 survivors (3072K)
 Metaspace       used 63344K, capacity 65608K, committed 65692K, reserved 1105920K
  class space    used 8113K, capacity 9017K, committed 9036K, reserved 1048576K
}
Event: 995.973 GC heap before
{Heap before GC invocations=17 (full 0):
 garbage-first heap   total 157696K, used 128448K [0x0000000780000000, 0x0000000800000000)
  region size 1024K, 43 young (44032K), 3 survivors (3072K)
 Metaspace       used 63465K, capacity 65754K, committed 66076K, reserved 1105920K
  class space    used 8125K, capacity 9047K, committed 9164K, reserved 1048576K
}
Event: 995.983 GC heap after
{Heap after GC invocations=18 (full 0):
 garbage-first heap   total 157696K, used 89805K [0x0000000780000000, 0x0000000800000000)
  region size 1024K, 3 young (3072K), 3 survivors (3072K)
 Metaspace       used 63465K, capacity 65754K, committed 66076K, reserved 1105920K
  class space    used 8125K, capacity 9047K, committed 9164K, reserved 1048576K
}
Event: 997.900 GC heap before
{Heap before GC invocations=19 (full 0):
 garbage-first heap   total 157696K, used 134861K [0x0000000780000000, 0x0000000800000000)
  region size 1024K, 47 young (48128K), 3 survivors (3072K)
 Metaspace       used 67999K, capacity 70311K, committed 70684K, reserved 1110016K
  class space    used 8697K, capacity 9633K, committed 9676K, reserved 1048576K
}
Event: 997.916 GC heap after
{Heap after GC invocations=20 (full 0):
 garbage-first heap   total 157696K, used 94112K [0x0000000780000000, 0x0000000800000000)
  region size 1024K, 6 young (6144K), 6 survivors (6144K)
 Metaspace       used 67999K, capacity 70311K, committed 70684K, reserved 1110016K
  class space    used 8697K, capacity 9633K, committed 9676K, reserved 1048576K
}
Event: 998.109 GC heap before
{Heap before GC invocations=20 (full 0):
 garbage-first heap   total 157696K, used 135072K [0x0000000780000000, 0x0000000800000000)
  region size 1024K, 46 young (47104K), 6 survivors (6144K)
 Metaspace       used 68021K, capacity 70311K, committed 70684K, reserved 1110016K
  class space    used 8697K, capacity 9633K, committed 9676K, reserved 1048576K
}
Event: 998.144 GC heap after
{Heap after GC invocations=21 (full 0):
 garbage-first heap   total 157696K, used 97483K [0x0000000780000000, 0x0000000800000000)
  region size 1024K, 4 young (4096K), 4 survivors (4096K)
 Metaspace       used 68021K, capacity 70311K, committed 70684K, reserved 1110016K
  class space    used 8697K, capacity 9633K, committed 9676K, reserved 1048576K
}
Event: 1174.883 GC heap before
{Heap before GC invocations=22 (full 0):
 garbage-first heap   total 157696K, used 121035K [0x0000000780000000, 0x0000000800000000)
  region size 1024K, 29 young (29696K), 4 survivors (4096K)
 Metaspace       used 71027K, capacity 73422K, committed 73628K, reserved 1114112K
  class space    used 9072K, capacity 10029K, committed 10060K, reserved 1048576K
}
Event: 1175.380 GC heap after
{Heap after GC invocations=23 (full 1):
 garbage-first heap   total 157696K, used 89099K [0x0000000780000000, 0x0000000800000000)
  region size 1024K, 0 young (0K), 0 survivors (0K)
 Metaspace       used 71024K, capacity 73417K, committed 73628K, reserved 1114112K
  class space    used 9071K, capacity 10027K, committed 10060K, reserved 1048576K
}

