# JRE version: Java(TM) SE Runtime Environment (11.0.4+10) (build 11.0.4+10-LTS)
# Java VM: Java HotSpot(TM) 64-Bit Server VM (11.0.4+10-LTS, mixed mode, tiered, compressed oops, g1 gc, bsd-amd64)
Heap:
 garbage-first heap   total 159744K, used 69922K [0x0000000780000000, 0x0000000800000000)
  region size 1024K, 12 young (12288K), 8 survivors (8192K)
 Metaspace       used 60400K, capacity 62697K, committed 62800K, reserved 1103872K
  class space    used 7752K, capacity 8640K, committed 8652K, reserved 1048576K
GC Heap History (10 events):
Event: 9.096 GC heap before
{Heap before GC invocations=9 (full 0):
 garbage-first heap   total 131072K, used 83747K [0x0000000780000000, 0x0000000800000000)
  region size 1024K, 76 young (77824K), 8 survivors (8192K)
 Metaspace       used 44126K, capacity 45558K, committed 45820K, reserved 1089536K
  class space    used 5513K, capacity 6109K, committed 6220K, reserved 1048576K
}
Event: 9.117 GC heap after
{Heap after GC invocations=10 (full 0):
 garbage-first heap   total 131072K, used 19797K [0x0000000780000000, 0x0000000800000000)
  region size 1024K, 10 young (10240K), 10 survivors (10240K)
 Metaspace       used 44126K, capacity 45558K, committed 45820K, reserved 1089536K
  class space    used 5513K, capacity 6109K, committed 6220K, reserved 1048576K
}
Event: 10.135 GC heap before
{Heap before GC invocations=10 (full 0):
 garbage-first heap   total 131072K, used 86357K [0x0000000780000000, 0x0000000800000000)
  region size 1024K, 76 young (77824K), 10 survivors (10240K)
 Metaspace       used 49629K, capacity 51386K, committed 51452K, reserved 1093632K
  class space    used 6241K, capacity 6961K, committed 6988K, reserved 1048576K
}
Event: 10.154 GC heap after
{Heap after GC invocations=11 (full 0):
 garbage-first heap   total 131072K, used 24950K [0x0000000780000000, 0x0000000800000000)
  region size 1024K, 10 young (10240K), 10 survivors (10240K)
 Metaspace       used 49629K, capacity 51386K, committed 51452K, reserved 1093632K
  class space    used 6241K, capacity 6961K, committed 6988K, reserved 1048576K
}
Event: 11.101 GC heap before
{Heap before GC invocations=11 (full 0):
 garbage-first heap   total 131072K, used 92534K [0x0000000780000000, 0x0000000800000000)
  region size 1024K, 76 young (77824K), 10 survivors (10240K)
 Metaspace       used 52376K, capacity 54318K, committed 54524K, reserved 1095680K
  class space    used 6664K, capacity 7447K, committed 7500K, reserved 1048576K
}
Event: 11.122 GC heap after
{Heap after GC invocations=12 (full 0):
 garbage-first heap   total 157696K, used 30166K [0x0000000780000000, 0x0000000800000000)
  region size 1024K, 6 young (6144K), 6 survivors (6144K)
 Metaspace       used 52376K, capacity 54318K, committed 54524K, reserved 1095680K
  class space    used 6664K, capacity 7447K, committed 7500K, reserved 1048576K
}
Event: 21.611 GC heap before
{Heap before GC invocations=12 (full 0):
 garbage-first heap   total 157696K, used 69078K [0x0000000780000000, 0x0000000800000000)
  region size 1024K, 45 young (46080K), 6 survivors (6144K)
 Metaspace       used 58022K, capacity 60079K, committed 60368K, reserved 1101824K
  class space    used 7397K, capacity 8234K, committed 8268K, reserved 1048576K
}
Event: 21.623 GC heap after
{Heap after GC invocations=13 (full 0):
 garbage-first heap   total 157696K, used 31010K [0x0000000780000000, 0x0000000800000000)
  region size 1024K, 7 young (7168K), 7 survivors (7168K)
 Metaspace       used 58022K, capacity 60079K, committed 60368K, reserved 1101824K
  class space    used 7397K, capacity 8234K, committed 8268K, reserved 1048576K
}
Event: 337.757 GC heap before
{Heap before GC invocations=14 (full 0):
 garbage-first heap   total 157696K, used 149794K [0x0000000780000000, 0x0000000800000000)
  region size 1024K, 90 young (92160K), 7 survivors (7168K)
 Metaspace       used 60290K, capacity 62560K, committed 62800K, reserved 1103872K
  class space    used 7737K, capacity 8637K, committed 8652K, reserved 1048576K
}
Event: 337.834 GC heap after
{Heap after GC invocations=15 (full 0):
 garbage-first heap   total 159744K, used 66850K [0x0000000780000000, 0x0000000800000000)
  region size 1024K, 8 young (8192K), 8 survivors (8192K)
 Metaspace       used 60290K, capacity 62560K, committed 62800K, reserved 1103872K
  class space    used 7737K, capacity 8637K, committed 8652K, reserved 1048576K
}

